<?xml version="1.0" encoding="UTF-8"?>
<!-- Generated by org.testng.reporters.JUnitReportReporter -->
<testsuite hostname="DESKTOP-11Q3FG7" failures="0" tests="1" name="com.it.bd.rokomari" time="119.796" errors="0" timestamp="08 Nov 2023 23:02:02 GMT" skipped="0">
  <testcase classname="com.it.bd.rokomari" name="firstTest" time="119.796"/>
</testsuite> <!-- com.it.bd.rokomari -->
