<?xml version="1.0" encoding="UTF-8"?>
<!-- Generated by org.testng.reporters.JUnitReportReporter -->
<testsuite hostname="DESKTOP-11Q3FG7" failures="0" tests="1" name="com.it.bd.wafilife" time="120.449" errors="0" timestamp="09 Nov 2023 21:45:02 GMT" skipped="0">
  <testcase classname="com.it.bd.wafilife" name="firstTest" time="120.449"/>
</testsuite> <!-- com.it.bd.wafilife -->
